Arguments: 
  D:\Nodejs\node.exe D:\App\Yarn\bin\yarn.js add mongoose

PATH: 
  C:\Users\lanyixing\AppData\Roaming\npm;C:\Users\lanyixing\bin;C:\Users\lanyixing\AppData\Roaming\npm;D:\App\cmder\bin;D:\App\cmder\vendor\git-for-windows\bin;D:\App\cmder\vendor\git-for-windows\mingw64\bin;D:\App\cmder\vendor\git-for-windows\usr\local\bin;D:\App\cmder\vendor\git-for-windows\usr\bin;D:\App\cmder\vendor\git-for-windows\usr\bin;D:\App\cmder\vendor\git-for-windows\mingw64\bin;D:\App\cmder\vendor\git-for-windows\usr\bin;C:\Users\lanyixing\bin;D:\App\cmder\vendor\conemu-maximus5\ConEmu\Scripts;D:\App\cmder\vendor\conemu-maximus5;D:\App\cmder\vendor\conemu-maximus5\ConEmu;D:\App\pyqt\Lib\site-packages\PyQt5;D:\App\python\Scripts;D:\App\python;C:\ProgramData\Oracle\Java\javapath;C:\windows\system32;C:\windows;C:\windows\System32\Wbem;C:\windows\System32\WindowsPowerShell\v1.0;D:\App\Git\cmd;D:\App\PHP;C:\Program Files (x86)\Google\Chrome\Application;C:\Users\lanyixing\.windows-build-tools\python27;D:\App\pyqt\Lib\site-packages\PyQt5;C:\Program Files (x86)\Windows Kits\8.1\Windows Performance Toolkit;D:\App\Yarn\bin;D:\Nodejs;D:\App\Gow\bin;C:\Program Files\Microsoft VS Code\bin;C:\Users\lanyixing\AppData\Local\Programs\Fiddler;C:\Users\lanyixing\AppData\Local\Yarn\bin;C:\Users\lanyixing\AppData\Roaming\npm;D:\App\cmder;D:\App\cmder\vendor\git-for-windows\usr\bin\vendor_perl;D:\App\cmder\vendor\git-for-windows\usr\bin\core_perl

Yarn version: 
  1.3.2

Node version: 
  9.4.0

Platform: 
  win32 x64

npm manifest: 
  {
    "name": "onescrapyheadless",
    "version": "1.0.0",
    "description": "",
    "main": "index.js",
    "scripts": {
      "test": "echo \"Error: no test specified\" && exit 1"
    },
    "author": "",
    "license": "ISC",
    "dependencies": {
      "puppeteer": "^1.0.0"
    }
  }

yarn manifest: 
  No manifest

Lockfile: 
  No lockfile

Trace: 
  Error: connect ETIMEDOUT 104.16.60.173:443
      at Object._errnoException (util.js:1003:13)
      at _exceptionWithHostPort (util.js:1024:20)
      at TCPConnectWrap.afterConnect [as oncomplete] (net.js:1194:14)
